\BOOKMARK [0][-]{chapter.1}{Multiplier Analysis}{}% 1
\BOOKMARK [1][-]{section.1.1}{Introduction}{chapter.1}% 2
\BOOKMARK [1][-]{section.1.2}{Data}{chapter.1}% 3
\BOOKMARK [2][-]{subsection.1.2.1}{2009 Scottish IxI Tables}{section.1.2}% 4
\BOOKMARK [2][-]{subsection.1.2.2}{2009 Scottish SAM}{section.1.2}% 5
\BOOKMARK [2][-]{subsection.1.2.3}{SNAP}{section.1.2}% 6
\BOOKMARK [1][-]{section.1.3}{Output Multiplier}{chapter.1}% 7
\BOOKMARK [2][-]{subsection.1.3.1}{Type I Output Multiplier}{section.1.3}% 8
\BOOKMARK [2][-]{subsection.1.3.2}{Type II Output Multiplier}{section.1.3}% 9
\BOOKMARK [2][-]{subsection.1.3.3}{SAM Output Mulltiplier}{section.1.3}% 10
\BOOKMARK [1][-]{section.1.4}{Four Type II Methods}{chapter.1}% 11
\BOOKMARK [2][-]{subsection.1.4.1}{Miller and Blair}{section.1.4}% 12
\BOOKMARK [2][-]{subsection.1.4.2}{IxI Household Expenditure Total}{section.1.4}% 13
\BOOKMARK [2][-]{subsection.1.4.3}{SAM Output Mulltiplier}{section.1.4}% 14
\BOOKMARK [2][-]{subsection.1.4.4}{SAM Output Multiplier}{section.1.4}% 15
\BOOKMARK [1][-]{section.1.5}{Results}{chapter.1}% 16
\BOOKMARK [2][-]{subsection.1.5.1}{Multiplier Descriptives}{section.1.5}% 17
\BOOKMARK [2][-]{subsection.1.5.2}{Multiplier Difference Statistics}{section.1.5}% 18
\BOOKMARK [2][-]{subsection.1.5.3}{Error Computation}{section.1.5}% 19
\BOOKMARK [2][-]{subsection.1.5.4}{Summary of Results}{section.1.5}% 20
\BOOKMARK [1][-]{section.1.6}{Conclusion}{chapter.1}% 21
\BOOKMARK [1][-]{section.1.7}{Appendix}{chapter.1}% 22
\BOOKMARK [2][-]{subsection.1.7.1}{Appendix A}{section.1.7}% 23
\BOOKMARK [2][-]{subsection.1.7.2}{Appendix B}{section.1.7}% 24
\BOOKMARK [2][-]{subsection.1.7.3}{Appendix C}{section.1.7}% 25
\BOOKMARK [0][-]{chapter*.4}{References}{}% 26
